<?xml version="1.0" encoding="UTF-8"?>
<!-- Generated by org.testng.reporters.JUnitXMLReporter -->
<testsuite ignored="0" hostname="DESKTOP-LLMSC2K" failures="1" tests="1" name="chrome" time="15.621" errors="0" timestamp="2023-01-16T13:49:24 IST">
  <testcase classname="TestNG.TestNG_Parameterization" name="test" time="0.0">
    <failure type="org.testng.TestNGException" message="
Parameter &amp;apos;searchvalue&amp;apos; is required by @Test on method test but has not been marked @Optional or defined
in E:\Luminar\eclipse\Selenium_Webdriver\Grouping\TestNG_Parameterization_CrossbrowserTest.xml">
      <![CDATA[org.testng.TestNGException: 
Parameter 'searchvalue' is required by @Test on method test but has not been marked @Optional or defined
in E:\Luminar\eclipse\Selenium_Webdriver\Grouping\TestNG_Parameterization_CrossbrowserTest.xml
at java.base/java.util.ArrayList.forEach(ArrayList.java:1511)
... Removed 26 stack frames]]>
    </failure>
  </testcase> <!-- test -->
</testsuite> <!-- chrome -->
